0 verbose cli C:\Program Files\nodejs\node.exe C:\Program Files\nodejs\node_modules\npm\bin\npm-cli.js
1 info using npm@11.9.0
2 info using node@v24.14.0
3 silly config load:file:C:\Program Files\nodejs\node_modules\npm\npmrc
4 silly config load:file:C:\Users\kisaragi\Desktop\英语六级\.npmrc
5 silly config load:file:C:\Users\kisaragi\.npmrc
6 silly config load:file:C:\Users\kisaragi\AppData\Roaming\npm\etc\npmrc
7 verbose title npm install
8 verbose argv "install" "--ignore-scripts"
9 verbose logfile logs-max:10 dir:C:\Users\kisaragi\Desktop\英语六级\.npm-cache\_logs\2026-03-25T05_26_41_895Z-
10 verbose logfile C:\Users\kisaragi\Desktop\英语六级\.npm-cache\_logs\2026-03-25T05_26_41_895Z-debug-0.log
11 silly logfile done cleaning log files
12 silly packumentCache heap:4496293888 maxSize:1124073472 maxEntrySize:562036736
13 silly idealTree buildDeps
14 silly fetch manifest @types/node@^22.10.1
15 silly packumentCache full:https://registry.npmjs.org/@types%2fnode cache-miss
16 http cache https://registry.npmjs.org/@types%2fnode 108ms (cache hit)
17 silly packumentCache full:https://registry.npmjs.org/@types%2fnode set size:10939971 disposed:false
18 silly placeDep ROOT @types/node@22.19.15 OK for: cet6-prep-studio@0.1.0 want: ^22.10.1
19 silly fetch manifest undici-types@~6.21.0
20 silly packumentCache full:https://registry.npmjs.org/undici-types cache-miss
21 http fetch GET 200 https://registry.npmjs.org/undici-types 881ms (cache miss)
22 silly packumentCache full:https://registry.npmjs.org/undici-types set size:undefined disposed:false
23 silly placeDep ROOT undici-types@6.21.0 OK for: @types/node@22.19.15 want: ~6.21.0
24 silly reify moves {}
25 silly audit bulk request {
25 silly audit   '@babel/code-frame': [ '7.29.0' ],
25 silly audit   '@babel/compat-data': [ '7.29.0' ],
25 silly audit   '@babel/core': [ '7.29.0' ],
25 silly audit   '@babel/generator': [ '7.29.1' ],
25 silly audit   '@babel/helper-compilation-targets': [ '7.28.6' ],
25 silly audit   '@babel/helper-globals': [ '7.28.0' ],
25 silly audit   '@babel/helper-module-imports': [ '7.28.6' ],
25 silly audit   '@babel/helper-module-transforms': [ '7.28.6' ],
25 silly audit   '@babel/helper-plugin-utils': [ '7.28.6' ],
25 silly audit   '@babel/helper-string-parser': [ '7.27.1' ],
25 silly audit   '@babel/helper-validator-identifier': [ '7.28.5' ],
25 silly audit   '@babel/helper-validator-option': [ '7.27.1' ],
25 silly audit   '@babel/helpers': [ '7.29.2' ],
25 silly audit   '@babel/parser': [ '7.29.2' ],
25 silly audit   '@babel/plugin-transform-react-jsx-self': [ '7.27.1' ],
25 silly audit   '@babel/plugin-transform-react-jsx-source': [ '7.27.1' ],
25 silly audit   '@babel/template': [ '7.28.6' ],
25 silly audit   '@babel/traverse': [ '7.29.0' ],
25 silly audit   '@babel/types': [ '7.29.0' ],
25 silly audit   '@esbuild/aix-ppc64': [ '0.21.5' ],
25 silly audit   '@esbuild/android-arm': [ '0.21.5' ],
25 silly audit   '@esbuild/android-arm64': [ '0.21.5' ],
25 silly audit   '@esbuild/android-x64': [ '0.21.5' ],
25 silly audit   '@esbuild/darwin-arm64': [ '0.21.5' ],
25 silly audit   '@esbuild/darwin-x64': [ '0.21.5' ],
25 silly audit   '@esbuild/freebsd-arm64': [ '0.21.5' ],
25 silly audit   '@esbuild/freebsd-x64': [ '0.21.5' ],
25 silly audit   '@esbuild/linux-arm': [ '0.21.5' ],
25 silly audit   '@esbuild/linux-arm64': [ '0.21.5' ],
25 silly audit   '@esbuild/linux-ia32': [ '0.21.5' ],
25 silly audit   '@esbuild/linux-loong64': [ '0.21.5' ],
25 silly audit   '@esbuild/linux-mips64el': [ '0.21.5' ],
25 silly audit   '@esbuild/linux-ppc64': [ '0.21.5' ],
25 silly audit   '@esbuild/linux-riscv64': [ '0.21.5' ],
25 silly audit   '@esbuild/linux-s390x': [ '0.21.5' ],
25 silly audit   '@esbuild/linux-x64': [ '0.21.5' ],
25 silly audit   '@esbuild/netbsd-x64': [ '0.21.5' ],
25 silly audit   '@esbuild/openbsd-x64': [ '0.21.5' ],
25 silly audit   '@esbuild/sunos-x64': [ '0.21.5' ],
25 silly audit   '@esbuild/win32-arm64': [ '0.21.5' ],
25 silly audit   '@esbuild/win32-ia32': [ '0.21.5' ],
25 silly audit   '@esbuild/win32-x64': [ '0.21.5' ],
25 silly audit   '@jridgewell/gen-mapping': [ '0.3.13' ],
25 silly audit   '@jridgewell/remapping': [ '2.3.5' ],
25 silly audit   '@jridgewell/resolve-uri': [ '3.1.2' ],
25 silly audit   '@jridgewell/sourcemap-codec': [ '1.5.5' ],
25 silly audit   '@jridgewell/trace-mapping': [ '0.3.31' ],
25 silly audit   '@rolldown/pluginutils': [ '1.0.0-beta.27' ],
25 silly audit   '@rollup/rollup-android-arm-eabi': [ '4.60.0' ],
25 silly audit   '@rollup/rollup-android-arm64': [ '4.60.0' ],
25 silly audit   '@rollup/rollup-darwin-arm64': [ '4.60.0' ],
25 silly audit   '@rollup/rollup-darwin-x64': [ '4.60.0' ],
25 silly audit   '@rollup/rollup-freebsd-arm64': [ '4.60.0' ],
25 silly audit   '@rollup/rollup-freebsd-x64': [ '4.60.0' ],
25 silly audit   '@rollup/rollup-linux-arm-gnueabihf': [ '4.60.0' ],
25 silly audit   '@rollup/rollup-linux-arm-musleabihf': [ '4.60.0' ],
25 silly audit   '@rollup/rollup-linux-arm64-gnu': [ '4.60.0' ],
25 silly audit   '@rollup/rollup-linux-arm64-musl': [ '4.60.0' ],
25 silly audit   '@rollup/rollup-linux-loong64-gnu': [ '4.60.0' ],
25 silly audit   '@rollup/rollup-linux-loong64-musl': [ '4.60.0' ],
25 silly audit   '@rollup/rollup-linux-ppc64-gnu': [ '4.60.0' ],
25 silly audit   '@rollup/rollup-linux-ppc64-musl': [ '4.60.0' ],
25 silly audit   '@rollup/rollup-linux-riscv64-gnu': [ '4.60.0' ],
25 silly audit   '@rollup/rollup-linux-riscv64-musl': [ '4.60.0' ],
25 silly audit   '@rollup/rollup-linux-s390x-gnu': [ '4.60.0' ],
25 silly audit   '@rollup/rollup-linux-x64-gnu': [ '4.60.0' ],
25 silly audit   '@rollup/rollup-linux-x64-musl': [ '4.60.0' ],
25 silly audit   '@rollup/rollup-openbsd-x64': [ '4.60.0' ],
25 silly audit   '@rollup/rollup-openharmony-arm64': [ '4.60.0' ],
25 silly audit   '@rollup/rollup-win32-arm64-msvc': [ '4.60.0' ],
25 silly audit   '@rollup/rollup-win32-ia32-msvc': [ '4.60.0' ],
25 silly audit   '@rollup/rollup-win32-x64-gnu': [ '4.60.0' ],
25 silly audit   '@rollup/rollup-win32-x64-msvc': [ '4.60.0' ],
25 silly audit   '@types/babel__core': [ '7.20.5' ],
25 silly audit   '@types/babel__generator': [ '7.27.0' ],
25 silly audit   '@types/babel__template': [ '7.4.4' ],
25 silly audit   '@types/babel__traverse': [ '7.28.0' ],
25 silly audit   '@types/estree': [ '1.0.8' ],
25 silly audit   '@types/prop-types': [ '15.7.15' ],
25 silly audit   '@types/react': [ '18.3.28' ],
25 silly audit   '@types/react-dom': [ '18.3.7' ],
25 silly audit   '@vitejs/plugin-react': [ '4.7.0' ],
25 silly audit   'baseline-browser-mapping': [ '2.10.10' ],
25 silly audit   browserslist: [ '4.28.1' ],
25 silly audit   'caniuse-lite': [ '1.0.30001781' ],
25 silly audit   'convert-source-map': [ '2.0.0' ],
25 silly audit   csstype: [ '3.2.3' ],
25 silly audit   debug: [ '4.4.3' ],
25 silly audit   'electron-to-chromium': [ '1.5.322' ],
25 silly audit   esbuild: [ '0.21.5' ],
25 silly audit   escalade: [ '3.2.0' ],
25 silly audit   fsevents: [ '2.3.3' ],
25 silly audit   gensync: [ '1.0.0-beta.2' ],
25 silly audit   'js-tokens': [ '4.0.0' ],
25 silly audit   jsesc: [ '3.1.0' ],
25 silly audit   json5: [ '2.2.3' ],
25 silly audit   'loose-envify': [ '1.4.0' ],
25 silly audit   'lru-cache': [ '5.1.1' ],
25 silly audit   ms: [ '2.1.3' ],
25 silly audit   nanoid: [ '3.3.11' ],
25 silly audit   'node-releases': [ '2.0.36' ],
25 silly audit   picocolors: [ '1.1.1' ],
25 silly audit   postcss: [ '8.5.8' ],
25 silly audit   react: [ '18.3.1' ],
25 silly audit   'react-dom': [ '18.3.1' ],
25 silly audit   'react-refresh': [ '0.17.0' ],
25 silly audit   rollup: [ '4.60.0' ],
25 silly audit   scheduler: [ '0.23.2' ],
25 silly audit   semver: [ '6.3.1' ],
25 silly audit   'source-map-js': [ '1.2.1' ],
25 silly audit   typescript: [ '5.9.3' ],
25 silly audit   'update-browserslist-db': [ '1.2.3' ],
25 silly audit   vite: [ '5.4.21' ],
25 silly audit   yallist: [ '3.1.1' ],
25 silly audit   '@types/node': [ '22.19.15' ],
25 silly audit   'undici-types': [ '6.21.0' ]
25 silly audit }
26 http cache @types/node@https://registry.npmjs.org/@types/node/-/node-22.19.15.tgz 0ms (cache hit)
27 http cache undici-types@https://registry.npmjs.org/undici-types/-/undici-types-6.21.0.tgz 0ms (cache hit)
28 silly tarball no local data for @types/node@https://registry.npmjs.org/@types/node/-/node-22.19.15.tgz. Extracting by manifest.
29 silly tarball no local data for undici-types@https://registry.npmjs.org/undici-types/-/undici-types-6.21.0.tgz. Extracting by manifest.
30 http fetch POST 200 https://registry.npmjs.org/-/npm/v1/security/advisories/bulk 205ms
31 silly audit report {
31 silly audit report   esbuild: [
31 silly audit report     {
31 silly audit report       id: 1102341,
31 silly audit report       url: 'https://github.com/advisories/GHSA-67mh-4wv8-2f99',
31 silly audit report       title: 'esbuild enables any website to send any requests to the development server and read the response',
31 silly audit report       severity: 'moderate',
31 silly audit report       vulnerable_versions: '<=0.24.2',
31 silly audit report       cwe: [Array],
31 silly audit report       cvss: [Object]
31 silly audit report     }
31 silly audit report   ]
31 silly audit report }
32 silly packumentCache corgi:https://registry.npmjs.org/esbuild cache-miss
33 http cache https://registry.npmjs.org/esbuild 7ms (cache hit)
34 silly packumentCache corgi:https://registry.npmjs.org/esbuild set size:880945 disposed:false
35 silly packumentCache corgi:https://registry.npmjs.org/vite cache-miss
36 http cache https://registry.npmjs.org/vite 9ms (cache hit)
37 silly packumentCache corgi:https://registry.npmjs.org/vite set size:2205410 disposed:false
38 silly packumentCache corgi:https://registry.npmjs.org/@vitejs%2fplugin-react cache-miss
39 http cache https://registry.npmjs.org/@vitejs%2fplugin-react 5ms (cache hit)
40 silly packumentCache corgi:https://registry.npmjs.org/@vitejs%2fplugin-react set size:112470 disposed:false
41 http fetch GET 200 https://registry.npmjs.org/@types/node/-/node-22.19.15.tgz 2049ms (cache miss)
42 http fetch GET 200 https://registry.npmjs.org/undici-types/-/undici-types-6.21.0.tgz 2170ms (cache miss)
43 silly ADD node_modules/undici-types
44 silly ADD node_modules/@types/node
45 verbose cwd C:\Users\kisaragi\Desktop\英语六级
46 verbose os Windows_NT 10.0.19045
47 verbose node v24.14.0
48 verbose npm  v11.9.0
49 verbose exit 0
50 info ok
